This is pdfTeX, Version 3.14159265-2.6-1.40.18 (TeX Live 2017/Debian) (preloaded format=pdflatex 2020.3.3)  10 MAY 2021 22:05
entering extended mode
 restricted \write18 enabled.
 %&-line parsing enabled.
**ETNP-Particles.tex
(./ETNP-Particles.tex
LaTeX2e <2017-04-15>
Babel <3.18> and hyphenation patterns for 84 language(s) loaded.
(./agujournal2018.cls
Document Class: agujournal2018 08/23/2018
(/usr/share/texlive/texmf-dist/tex/latex/graphics/graphicx.sty
Package: graphicx 2017/06/01 v1.1a Enhanced LaTeX Graphics (DPC,SPQR)
(/usr/share/texlive/texmf-dist/tex/latex/graphics/keyval.sty
Package: keyval 2014/10/28 v1.15 key=value parser (DPC)
\KV@toks@=\toks14
) (/usr/share/texlive/texmf-dist/tex/latex/graphics/graphics.sty
Package: graphics 2017/06/25 v1.2c Standard LaTeX Graphics (DPC,SPQR)
(/usr/share/texlive/texmf-dist/tex/latex/graphics/trig.sty
Package: trig 2016/01/03 v1.10 sin cos tan (DPC)
) (/usr/share/texlive/texmf-dist/tex/latex/graphics-cfg/graphics.cfg
File: graphics.cfg 2016/06/04 v1.11 sample graphics configuration
)
Package graphics Info: Driver file: pdftex.def on input line 99.
(/usr/share/texlive/texmf-dist/tex/latex/graphics-def/pdftex.def
File: pdftex.def 2018/01/08 v1.0l Graphics/color driver for pdftex
))
\Gin@req@height=\dimen102
\Gin@req@width=\dimen103
) (/usr/share/texlive/texmf-dist/tex/latex/xcolor/xcolor.sty
Package: xcolor 2016/05/11 v2.12 LaTeX color extensions (UK)
(/usr/share/texlive/texmf-dist/tex/latex/graphics-cfg/color.cfg
File: color.cfg 2016/01/02 v1.6 sample color configuration
)
Package xcolor Info: Driver file: pdftex.def on input line 225.
Package xcolor Info: Model `cmy' substituted by `cmy0' on input line 1348.
Package xcolor Info: Model `hsb' substituted by `rgb' on input line 1352.
Package xcolor Info: Model `RGB' extended on input line 1364.
Package xcolor Info: Model `HTML' substituted by `rgb' on input line 1366.
Package xcolor Info: Model `Hsb' substituted by `hsb' on input line 1367.
Package xcolor Info: Model `tHsb' substituted by `hsb' on input line 1368.
Package xcolor Info: Model `HSB' substituted by `hsb' on input line 1369.
Package xcolor Info: Model `Gray' substituted by `gray' on input line 1370.
Package xcolor Info: Model `wave' substituted by `hsb' on input line 1371.
) (/usr/share/texlive/texmf-dist/tex/latex/url/url.sty
\Urlmuskip=\muskip10
Package: url 2013/09/16  ver 3.4  Verb mode for urls, etc.
) (./trackchanges.sty
Package: trackchanges 2009/04/22 v0.7.0 TrackChanges file 
(/usr/share/texlive/texmf-dist/tex/latex/base/ifthen.sty
Package: ifthen 2014/09/29 v1.1c Standard LaTeX ifthen package (DPC)
) (/usr/share/texlive/texmf-dist/tex/latex/tools/calc.sty
Package: calc 2014/10/28 v4.3 Infix arithmetic (KKT,FJ)
\calc@Acount=\count79
\calc@Bcount=\count80
\calc@Adimen=\dimen104
\calc@Bdimen=\dimen105
\calc@Askip=\skip41
\calc@Bskip=\skip42
LaTeX Info: Redefining \setlength on input line 80.
LaTeX Info: Redefining \addtolength on input line 81.
\calc@Ccount=\count81
\calc@Cskip=\skip43
) (/usr/share/texlive/texmf-dist/tex/latex/soul/soul.sty
Package: soul 2003/11/17 v2.4 letterspacing/underlining (mf)
\SOUL@word=\toks15
\SOUL@lasttoken=\toks16
\SOUL@cmds=\toks17
\SOUL@buffer=\toks18
\SOUL@token=\toks19
\SOUL@spaceskip=\skip44
\SOUL@ttwidth=\dimen106
\SOUL@uldp=\dimen107
\SOUL@ulht=\dimen108
) (/usr/share/texlive/texmf-dist/tex/latex/morefloats/morefloats.sty
Package: morefloats 2015/07/22 v1.0h Raise limit of unprocessed floats (HMM)
(/usr/share/texlive/texmf-dist/tex/latex/oberdiek/kvoptions.sty
Package: kvoptions 2016/05/16 v3.12 Key value format for package options (HO)
(/usr/share/texlive/texmf-dist/tex/generic/oberdiek/ltxcmds.sty
Package: ltxcmds 2016/05/16 v1.23 LaTeX kernel commands for general use (HO)
) (/usr/share/texlive/texmf-dist/tex/generic/oberdiek/kvsetkeys.sty
Package: kvsetkeys 2016/05/16 v1.17 Key value parser (HO)
(/usr/share/texlive/texmf-dist/tex/generic/oberdiek/infwarerr.sty
Package: infwarerr 2016/05/16 v1.4 Providing info/warning/error messages (HO)
) (/usr/share/texlive/texmf-dist/tex/generic/oberdiek/etexcmds.sty
Package: etexcmds 2016/05/16 v1.6 Avoid name clashes with e-TeX commands (HO)
(/usr/share/texlive/texmf-dist/tex/generic/oberdiek/ifluatex.sty
Package: ifluatex 2016/05/16 v1.4 Provides the ifluatex switch (HO)
Package ifluatex Info: LuaTeX not detected.
)
Package etexcmds Info: Could not find \expanded.
(etexcmds)             That can mean that you are not using pdfTeX 1.50 or
(etexcmds)             that some package has redefined \expanded.
(etexcmds)             In the latter case, load this package earlier.
)))
Package morefloats Info: Maximum number of possible floats asked for: 36
(morefloats)             (i.e. 18 more floats).
(morefloats)             LaTeX might run out of memory before this
(morefloats)             (in which case it will notify you).
)
\c@userid=\count82
\c@changenumber=\count83
\c@storefootnote=\count84
\c@numeditors=\count85
\c@maxeditors=\count86
) (/usr/share/texlive/texmf-dist/tex/latex/lineno/lineno.sty
Package: lineno 2005/11/02 line numbers on paragraphs v4.41
\linenopenalty=\count87
\output=\toks20
\linenoprevgraf=\count88
\linenumbersep=\dimen109
\linenumberwidth=\dimen110
\c@linenumber=\count89
\c@pagewiselinenumber=\count90
\c@LN@truepage=\count91
\c@internallinenumber=\count92
\c@internallinenumbers=\count93
\quotelinenumbersep=\dimen111
\bframerule=\dimen112
\bframesep=\dimen113
\bframebox=\box26
LaTeX Info: Redefining \\ on input line 3056.
) (/usr/share/texlive/texmf-dist/tex/latex/tools/indentfirst.sty
Package: indentfirst 1995/11/23 v1.03 Indent first paragraph (DPC)
) (/usr/share/texlive/texmf-dist/tex/latex/ms/ragged2e.sty
Package: ragged2e 2009/05/21 v2.1 ragged2e Package (MS)
(/usr/share/texlive/texmf-dist/tex/latex/ms/everysel.sty
Package: everysel 2011/10/28 v1.2 EverySelectfont Package (MS)
)
\CenteringLeftskip=\skip45
\RaggedLeftLeftskip=\skip46
\RaggedRightLeftskip=\skip47
\CenteringRightskip=\skip48
\RaggedLeftRightskip=\skip49
\RaggedRightRightskip=\skip50
\CenteringParfillskip=\skip51
\RaggedLeftParfillskip=\skip52
\RaggedRightParfillskip=\skip53
\JustifyingParfillskip=\skip54
\CenteringParindent=\skip55
\RaggedLeftParindent=\skip56
\RaggedRightParindent=\skip57
\JustifyingParindent=\skip58
) (/usr/share/texlive/texmf-dist/tex/latex/graphics/rotating.sty
Package: rotating 2016/08/11 v2.16d rotated objects in LaTeX
\c@r@tfl@t=\count94
\rotFPtop=\skip59
\rotFPbot=\skip60
\rot@float@box=\box27
\rot@mess@toks=\toks21
) (/usr/share/texlive/texmf-dist/tex/generic/ulem/ulem.sty
\UL@box=\box28
\UL@hyphenbox=\box29
\UL@skip=\skip61
\UL@hook=\toks22
\UL@height=\dimen114
\UL@pe=\count95
\UL@pixel=\dimen115
\ULC@box=\box30
Package: ulem 2012/05/18
\ULdepth=\dimen116
)
\draftskip=\count96
\c@section=\count97
\c@subsection=\count98
\c@subsubsection=\count99
\c@paragraph=\count100
\c@subparagraph=\count101
\c@figure=\count102
\c@table=\count103
\abovecaptionskip=\skip62
\belowcaptionskip=\skip63
\c@appendnum=\count104
\bibindent=\dimen117
(/usr/share/texlive/texmf-dist/tex/latex/apacite/apacite.sty
Package: apacite 2013/07/21 v6.03 APA citation
\c@BibCnt=\count105
\bibleftmargin=\skip64
\bibindent=\skip65
\bibparsep=\skip66
\bibitemsep=\skip67
\biblabelsep=\skip68
) (/usr/share/texlive/texmf-dist/tex/latex/natbib/natbib.sty
Package: natbib 2010/09/13 8.31b (PWD, AO)
\bibhang=\skip69
\bibsep=\skip70
LaTeX Info: Redefining \cite on input line 694.
\c@NAT@ctr=\count106
)
LaTeX Info: Redefining \BBA on input line 1149.
) (/usr/share/texlive/texmf-dist/tex/generic/oberdiek/soulutf8.sty
Package: soulutf8 2016/05/16 v1.1 Permit use of UTF-8 characters in soul (HO)
) (./ETNP-Particles.aux)
\openout1 = `ETNP-Particles.aux'.

LaTeX Font Info:    Checking defaults for OML/cmm/m/it on input line 71.
LaTeX Font Info:    ... okay on input line 71.
LaTeX Font Info:    Checking defaults for T1/cmr/m/n on input line 71.
LaTeX Font Info:    ... okay on input line 71.
LaTeX Font Info:    Checking defaults for OT1/cmr/m/n on input line 71.
LaTeX Font Info:    ... okay on input line 71.
LaTeX Font Info:    Checking defaults for OMS/cmsy/m/n on input line 71.
LaTeX Font Info:    ... okay on input line 71.
LaTeX Font Info:    Checking defaults for OMX/cmex/m/n on input line 71.
LaTeX Font Info:    ... okay on input line 71.
LaTeX Font Info:    Checking defaults for U/cmr/m/n on input line 71.
LaTeX Font Info:    ... okay on input line 71.
(/usr/share/texlive/texmf-dist/tex/context/base/mkii/supp-pdf.mkii
[Loading MPS to PDF converter (version 2006.09.02).]
\scratchcounter=\count107
\scratchdimen=\dimen118
\scratchbox=\box31
\nofMPsegments=\count108
\nofMParguments=\count109
\everyMPshowfont=\toks23
\MPscratchCnt=\count110
\MPscratchDim=\dimen119
\MPnumerator=\count111
\makeMPintoPDFobject=\count112
\everyMPtoPDFconversion=\toks24
) (/usr/share/texlive/texmf-dist/tex/latex/oberdiek/epstopdf-base.sty
Package: epstopdf-base 2016/05/15 v2.6 Base part for package epstopdf
(/usr/share/texlive/texmf-dist/tex/latex/oberdiek/grfext.sty
Package: grfext 2016/05/16 v1.2 Manage graphics extensions (HO)
(/usr/share/texlive/texmf-dist/tex/generic/oberdiek/kvdefinekeys.sty
Package: kvdefinekeys 2016/05/16 v1.4 Define keys (HO)
)) (/usr/share/texlive/texmf-dist/tex/generic/oberdiek/pdftexcmds.sty
Package: pdftexcmds 2018/01/21 v0.26 Utility functions of pdfTeX for LuaTeX (HO
)
(/usr/share/texlive/texmf-dist/tex/generic/oberdiek/ifpdf.sty
Package: ifpdf 2017/03/15 v3.2 Provides the ifpdf switch
)
Package pdftexcmds Info: LuaTeX not detected.
Package pdftexcmds Info: \pdf@primitive is available.
Package pdftexcmds Info: \pdf@ifprimitive is available.
Package pdftexcmds Info: \pdfdraftmode found.
)
Package epstopdf-base Info: Redefining graphics rule for `.eps' on input line 4
38.
Package grfext Info: Graphics extension search list:
(grfext)             [.pdf,.png,.jpg,.mps,.jpeg,.jbig2,.jb2,.PDF,.PNG,.JPG,.JPE
G,.JBIG2,.JB2,.eps]
(grfext)             \AppendGraphicsExtensions on input line 456.
(/usr/share/texlive/texmf-dist/tex/latex/latexconfig/epstopdf-sys.cfg
File: epstopdf-sys.cfg 2010/07/13 v1.3 Configuration of (r)epstopdf for TeX Liv
e
))

Package trackchanges Warning: TrackChanges is not compatable with the 
(trackchanges)                'ulem' package.
(trackchanges)                Use the 'soul' package instead.

ABD: EverySelectfont initializing macros
LaTeX Info: Redefining \selectfont on input line 71.
\c@maskedRefs=\count113
(/usr/share/texlive/texmf-dist/tex/latex/apacite/english.apc
File: english.apc 2013/07/21 v6.03 apacite language file
LaTeX Info: Redefining \BPBI on input line 129.
LaTeX Info: Redefining \BHBI on input line 130.
)
LaTeX Font Info:    External font `cmex10' loaded for size
(Font)              <7> on input line 115.
LaTeX Font Info:    External font `cmex10' loaded for size
(Font)              <5> on input line 115.
LaTeX Font Info:    Try loading font information for OMS+cmr on input line 115.

(/usr/share/texlive/texmf-dist/tex/latex/base/omscmr.fd
File: omscmr.fd 2014/09/29 v2.5h Standard LaTeX font definitions
)
LaTeX Font Info:    Font shape `OMS/cmr/m/n' in size <7> not available
(Font)              Font shape `OMS/cmsy/m/n' tried instead on input line 115.
LaTeX Font Info:    External font `cmex10' loaded for size
(Font)              <8> on input line 115.
LaTeX Font Info:    External font `cmex10' loaded for size
(Font)              <6> on input line 115.
LaTeX Font Info:    Font shape `OMS/cmr/m/n' in size <6> not available
(Font)              Font shape `OMS/cmsy/m/n' tried instead on input line 115.
[1{/var/lib/texmf/fonts/map/pdftex/updmap/pdftex.map}]
Overfull \hbox (25.01576pt too wide) in paragraph at lines 170--175
\OT1/cmr/m/n/10 A good ab-stract will be-gin with a short de-scrip-tion of the 
prob-lem be-ing ad-dressed, briefly 
 []


Overfull \hbox (1.43231pt too wide) in paragraph at lines 170--175
\OT1/cmr/m/n/10 de-scribe the new data or anal-y-ses, then briefly states the m
ain con-clu-sion(s) and how 
 []


Overfull \hbox (28.84923pt too wide) in paragraph at lines 178--180
\OT1/cmr/m/n/10 Some jour-nals re-quire a plain lan-guage sum-mary. See: https:
//publications.agu.org/author- 
 []


LaTeX Font Warning: Font shape `OT1/cmr/m/n' in size <10.5> not available
(Font)              size <10.95> substituted on input line 183.


LaTeX Font Warning: Font shape `OT1/cmr/bx/n' in size <10.5> not available
(Font)              size <10.95> substituted on input line 183.


Overfull \hbox (9.79349pt too wide) in paragraph at lines 185--199
[]\OT1/cmr/m/n/10 The bi-o-log-i-cal pump, in which sink-ing par-ti-cles trans-
port car-bon from the sur-face 
 []


Overfull \hbox (10.2934pt too wide) in paragraph at lines 185--199
\OT1/cmr/m/n/10 into the deep ocean, is a key part of the global car-bon cy-cle
 (Neuer, Iversen, & Fis-cher, 
 []


Overfull \hbox (4.46019pt too wide) in paragraph at lines 185--199
\OT1/cmr/m/n/10 2014; Turner, 2015). Or-ganic mat-ter flux into the deep ocean 
is a func-tion both of ex- 
 []


Overfull \hbox (0.84912pt too wide) in paragraph at lines 185--199
\OT1/cmr/m/n/10 port from the photic zone into the mesopelagic (ex-port flux), 
and the frac-tion of that 
 []


Overfull \hbox (4.98793pt too wide) in paragraph at lines 185--199
\OT1/cmr/m/n/10 flux that crosses through the mesopelagic (trans-fer ef-fi-cien
cy) (Fran-cois, Honjo, Kr-ish- 
 []


Overfull \hbox (16.2935pt too wide) in paragraph at lines 185--199
\OT1/cmr/m/n/10 field, & Man-ganini, 2002; Pas-sow & Carl-son, 2012; Siegel et 
al.[], 2016) (Pas-sow and Carl- 
 []


Overfull \hbox (5.51569pt too wide) in paragraph at lines 185--199
\OT1/cmr/m/n/10 son 2012; Siegel et al. 2016; Fran-cois et al. 2002). The trans
-fer ef-fi-ciency of the bi-o-log- 
 []


Overfull \hbox (3.54355pt too wide) in paragraph at lines 185--199
\OT1/cmr/m/n/10 i-cal pump may af-fect global at-mo-spheric car-bon lev-els (Kw
on, Primeau, & Sarmiento, 
 []


Overfull \hbox (2.59909pt too wide) in paragraph at lines 185--199
\OT1/cmr/m/n/10 2009) (Kwon, Primeau, and Sarmiento 2009). Thus, un-der-stand-i
ng the pro-cesses that 
 []


Overfull \hbox (2.01555pt too wide) in paragraph at lines 204--206
[]\OT1/cmr/m/n/10 Do not use bul-leted lists; enu-mer-ated lists are okay. Use 
#. for list for a cleaner 
 []


Underfull \vbox (badness 10000) has occurred while \output is active []

[2]
Overfull \hbox (16.18227pt too wide) in paragraph at lines 224--226
[]\OT1/cmr/m/n/10 As of 2018 we rec-om-mend use of the TrackChanges pack-age to
 mark re-vi-sions. The 
 []

LaTeX Font Info:    Font shape `OMS/cmr/m/n' in size <10> not available
(Font)              Font shape `OMS/cmsy/m/n' tried instead on input line 227.

Overfull \hbox (5.59889pt too wide) in paragraph at lines 243--248
[]\OT1/cmr/m/n/10 Enter Fig-ures and Ta-bles near as pos-si-ble to where they a
re first men-tioned: DO 
 []


Overfull \hbox (37.21027pt too wide) in paragraph at lines 243--248
\OT1/cmr/m/n/10 NOT USE \OMS/cmsy/m/n/10 n\OT1/cmr/m/n/10 psfrag or \OMS/cmsy/m
/n/10 n\OT1/cmr/m/n/10 subfigure com-mands. DO NOT USE \OMS/cmsy/m/n/10 n\OT1/c
mr/m/n/10 newcommand, \OMS/cmsy/m/n/10 n\OT1/cmr/m/n/10 renewcommand, 
 []

<ETNP-Particles_files/figure-latex/unnamed-chunk-2-1.pdf, id=23, 434.62375pt x 
250.9375pt>
File: ETNP-Particles_files/figure-latex/unnamed-chunk-2-1.pdf Graphic file (typ
e pdf)
<use ETNP-Particles_files/figure-latex/unnamed-chunk-2-1.pdf>
Package pdftex.def Info: ETNP-Particles_files/figure-latex/unnamed-chunk-2-1.pd
f  used on input line 250.
(pdftex.def)             Requested size: 434.62268pt x 250.93687pt.

Overfull \hbox (37.1377pt too wide) in paragraph at lines 250--250
[][] 
 []


LaTeX Warning: `h' float specifier changed to `ht'.

LaTeX Font Info:    External font `cmex10' loaded for size
(Font)              <9> on input line 256.

Overfull \hbox (2.25162pt too wide) in paragraph at lines 275--277
[]\OT1/cmr/m/n/10 AGU prefers the use of \OMS/cmsy/m/n/10 f\OT1/cmr/m/n/10 side
waystable\OMS/cmsy/m/n/10 g \OT1/cmr/m/n/10 over \OMS/cmsy/m/n/10 f\OT1/cmr/m/n
/10 landscapetable\OMS/cmsy/m/n/10 g \OT1/cmr/m/n/10 as it causes fewer 
 []

<ETNP-Particles_files/figure-latex/unnamed-chunk-3-1.pdf, id=24, 434.62375pt x 
250.9375pt>
File: ETNP-Particles_files/figure-latex/unnamed-chunk-3-1.pdf Graphic file (typ
e pdf)
<use ETNP-Particles_files/figure-latex/unnamed-chunk-3-1.pdf>
Package pdftex.def Info: ETNP-Particles_files/figure-latex/unnamed-chunk-3-1.pd
f  used on input line 279.
(pdftex.def)             Requested size: 434.62268pt x 250.93687pt.

Overfull \hbox (2.2657pt too wide) in paragraph at lines 291--294
[]\OT1/cmr/m/n/10 If us-ing num-bered lines, please sur-round equa-tions with \
OMS/cmsy/m/n/10 n\OT1/cmr/m/n/10 begin\OMS/cmsy/m/n/10 f\OT1/cmr/m/n/10 linenom
ath*\OMS/cmsy/m/n/10 g\OT1/cmr/m/n/10 ... 
 []

[3]
Underfull \vbox (badness 10000) has occurred while \output is active []

[4 <./ETNP-Particles_files/figure-latex/unnamed-chunk-2-1.pdf>] [5 <./ETNP-Part
icles_files/figure-latex/unnamed-chunk-3-1.pdf>]
Missing character: There is no â in font cmr10!
Missing character: There is no € in font cmr10!
Missing character: There is no ” in font cmr10!
Missing character: There is no â in font cmr10!
Missing character: There is no € in font cmr10!
Missing character: There is no ” in font cmr10!

Overfull \hbox (4.35988pt too wide) in paragraph at lines 333--337
[]\OT1/cmr/m/n/10 Equation in German-born physi-cist Al-bert Ein-stein's the-or
y of spe-cial rel-a- 
 []


Overfull \hbox (8.43468pt too wide) in paragraph at lines 333--337
\OT1/cmr/m/n/10 tiv-ity that showed that the in-creased rel-a-tivis-tic mass ($
\OML/cmm/m/it/10 m$\OT1/cmr/m/n/10 ) of a body comes from 
 []


Overfull \hbox (18.80737pt too wide) in paragraph at lines 333--337
\OT1/cmr/m/n/10 the en-ergy of mo-tion of the bodythat is, its ki-netic en-ergy
 ($\OML/cmm/m/it/10 E$\OT1/cmr/m/n/10 )divided by the speed 
 []


Overfull \hbox (1.70999pt too wide) in paragraph at lines 341--344
[]\OT1/cmr/m/n/10 The ac-knowl-edg-ments must list: A state-ment that in-di-cat
es to the reader where 
 []


Overfull \hbox (10.46014pt too wide) in paragraph at lines 341--344
\OT1/cmr/m/n/10 the data sup-port-ing the con-clu-sions can be ob-tained (for e
x-am-ple, in the ref-er-ences, ta- 
 []


Overfull \hbox (6.2935pt too wide) in paragraph at lines 349--351
[]\OT1/cmr/m/n/10 Other af-fil-i-a-tions for any au-thor that may be per-ceived
 as hav-ing a con-flict of in- 
 []


Underfull \vbox (badness 10000) has occurred while \output is active []

[6] [7] (./ETNP-Particles.bbl
Underfull \hbox (badness 10000) in paragraph at lines 14--38
[]\OT1/cmr/m/n/10 Evans, N., Boles, E., Kwiecin-ski, J. V., Mullen, S., Wolf, M
., De-vol, A. H., ... Mof- 
 []


Underfull \hbox (badness 4378) in paragraph at lines 14--38
\OT1/cmr/m/n/10 fett, J. W.  (2020).  The role of wa-ter masses in shap-ing the
 dis-tri-bu-tion of 
 []


Underfull \hbox (badness 10000) in paragraph at lines 14--38
\OT1/cmr/m/n/10 re-dox ac-tive com-pounds in the East-ern Trop-i-cal North Pa-c
ific oxy-gen de-fi-cient 
 []


Underfull \hbox (badness 10000) in paragraph at lines 14--38
\OT1/cmr/m/n/10 zone and in-flu-enc-ing low oxy-gen con-cen-tra-tions in the ea
st-ern Pa-cific Ocean. 
 []


Underfull \hbox (badness 3826) in paragraph at lines 53--70
\OT1/cmr/m/n/10 the flux of or-ganic car-bon to the bathy-pelagic zone of the o
cean.  \OT1/cmr/m/it/10 Global Bio- 
 []


Underfull \hbox (badness 2065) in paragraph at lines 84--100
\OT1/cmr/m/n/10 al-iza-tion depth on the air{sea car-bon bal-ance.  \OT1/cmr/m/
it/10 Na-ture Geo-science\OT1/cmr/m/n/10 , \OT1/cmr/m/it/10 2\OT1/cmr/m/n/10 (9
), 630-- 
 []


Underfull \hbox (badness 3492) in paragraph at lines 114--131
\OT1/cmr/m/n/10 as part of the global Car-bon Cy-cle.  \OT1/cmr/m/it/10 Lim-nol
-ogy and Oceanog-ra-phy e-Lectures\OT1/cmr/m/n/10 , 
 []


Underfull \hbox (badness 10000) in paragraph at lines 171--192
[]\OT1/cmr/m/n/10 Siegel, D. A., Bues-seler, K. O., Behren-feld, M. J., Benitez
-Nelson, C. R., Boss, E., 
 []


Underfull \hbox (badness 10000) in paragraph at lines 171--192
\OT1/cmr/m/n/10 Fate of Global Ocean Net Pri-mary Pro-duc-tion: The EX-PORTS Sc
i-ence Plan. 
 []


Underfull \hbox (badness 2608) in paragraph at lines 232--248
[]\OT1/cmr/m/n/10 Weber, T., & Bianchi, D.  (2020).  Ef-fi-cient Par-ti-cle Tra
ns-fer to Depth in Oxy-gen 
 []

) [8] (./ETNP-Particles.aux)

LaTeX Font Warning: Size substitutions with differences
(Font)              up to 0.45pt have occurred.

 ) 
Here is how much of TeX's memory you used:
 3766 strings out of 492982
 52311 string characters out of 6134897
 120371 words of memory out of 5000000
 7250 multiletter control sequences out of 15000+600000
 12230 words of font info for 43 fonts, out of 8000000 for 9000
 1147 hyphenation exceptions out of 8191
 50i,10n,37p,294b,332s stack positions out of 5000i,500n,10000p,200000b,80000s
</usr/share/texlive/texmf-dist/fonts/type1/public/amsfonts/cm/cmbx10.pfb></us
r/share/texlive/texmf-dist/fonts/type1/public/amsfonts/cm/cmbx12.pfb></usr/shar
e/texlive/texmf-dist/fonts/type1/public/amsfonts/cm/cmbx7.pfb></usr/share/texli
ve/texmf-dist/fonts/type1/public/amsfonts/cm/cmbx9.pfb></usr/share/texlive/texm
f-dist/fonts/type1/public/amsfonts/cm/cmmi10.pfb></usr/share/texlive/texmf-dist
/fonts/type1/public/amsfonts/cm/cmmi6.pfb></usr/share/texlive/texmf-dist/fonts/
type1/public/amsfonts/cm/cmmi7.pfb></usr/share/texlive/texmf-dist/fonts/type1/p
ublic/amsfonts/cm/cmmib10.pfb></usr/share/texlive/texmf-dist/fonts/type1/public
/amsfonts/cm/cmr10.pfb></usr/share/texlive/texmf-dist/fonts/type1/public/amsfon
ts/cm/cmr6.pfb></usr/share/texlive/texmf-dist/fonts/type1/public/amsfonts/cm/cm
r7.pfb></usr/share/texlive/texmf-dist/fonts/type1/public/amsfonts/cm/cmr8.pfb><
/usr/share/texlive/texmf-dist/fonts/type1/public/amsfonts/cm/cmr9.pfb></usr/sha
re/texlive/texmf-dist/fonts/type1/public/amsfonts/cm/cmss8.pfb></usr/share/texl
ive/texmf-dist/fonts/type1/public/amsfonts/cm/cmsy10.pfb></usr/share/texlive/te
xmf-dist/fonts/type1/public/amsfonts/cm/cmsy5.pfb></usr/share/texlive/texmf-dis
t/fonts/type1/public/amsfonts/cm/cmsy6.pfb></usr/share/texlive/texmf-dist/fonts
/type1/public/amsfonts/cm/cmsy7.pfb></usr/share/texlive/texmf-dist/fonts/type1/
public/amsfonts/cm/cmti10.pfb></usr/share/texlive/texmf-dist/fonts/type1/public
/amsfonts/cm/cmti9.pfb></usr/share/texlive/texmf-dist/fonts/type1/public/amsfon
ts/cm/cmtt9.pfb>
Output written on ETNP-Particles.pdf (8 pages, 242362 bytes).
PDF statistics:
 131 PDF objects out of 1000 (max. 8388607)
 93 compressed objects within 1 object stream
 0 named destinations out of 1000 (max. 500000)
 11 words of extra memory for PDF output out of 10000 (max. 10000000)

